{"message":"Something failed","stack":"Error: Something failed\n    at C:\\Users\\Кирил\\Desktop\\docs\\CODE\\tutorial\\react-mosh\\vidly-api-node\\routes\\genres.js:14:11\n    at C:\\Users\\Кирил\\Desktop\\docs\\CODE\\tutorial\\react-mosh\\vidly-api-node\\node_modules\\express-async-errors\\index.js:17:17\n    at Layer.handle [as handle_request] (C:\\Users\\Кирил\\Desktop\\docs\\CODE\\tutorial\\react-mosh\\vidly-api-node\\node_modules\\express\\lib\\router\\layer.js:95:5)\n    at next (C:\\Users\\Кирил\\Desktop\\docs\\CODE\\tutorial\\react-mosh\\vidly-api-node\\node_modules\\express\\lib\\router\\route.js:137:13)\n    at Route.dispatch (C:\\Users\\Кирил\\Desktop\\docs\\CODE\\tutorial\\react-mosh\\vidly-api-node\\node_modules\\express\\lib\\router\\route.js:112:3)\n    at C:\\Users\\Кирил\\Desktop\\docs\\CODE\\tutorial\\react-mosh\\vidly-api-node\\node_modules\\express-async-errors\\index.js:17:17\n    at Layer.handle [as handle_request] (C:\\Users\\Кирил\\Desktop\\docs\\CODE\\tutorial\\react-mosh\\vidly-api-node\\node_modules\\express\\lib\\router\\layer.js:95:5)\n    at C:\\Users\\Кирил\\Desktop\\docs\\CODE\\tutorial\\react-mosh\\vidly-api-node\\node_modules\\express\\lib\\router\\index.js:281:22\n    at param (C:\\Users\\Кирил\\Desktop\\docs\\CODE\\tutorial\\react-mosh\\vidly-api-node\\node_modules\\express\\lib\\router\\index.js:354:14)\n    at param (C:\\Users\\Кирил\\Desktop\\docs\\CODE\\tutorial\\react-mosh\\vidly-api-node\\node_modules\\express\\lib\\router\\index.js:365:14)","level":"error","timestamp":"2022-02-08T07:49:56.558Z"}
{"message":"Something happened during startup.","stack":"Error: Something happened during startup.\n    at Object.<anonymous> (C:\\Users\\Кирил\\Desktop\\docs\\CODE\\tutorial\\react-mosh\\vidly-api-node\\app.js:23:7)\n    at Module._compile (internal/modules/cjs/loader.js:1063:30)\n    at Object.Module._extensions..js (internal/modules/cjs/loader.js:1092:10)\n    at Module.load (internal/modules/cjs/loader.js:928:32)\n    at Function.Module._load (internal/modules/cjs/loader.js:769:14)\n    at Function.executeUserEntryPoint [as runMain] (internal/modules/run_main.js:72:12)\n    at internal/main/run_main_module.js:17:47","level":"error","timestamp":"2022-02-08T07:57:45.136Z"}
{"level":"error","message":"undefined Something failed miserably","timestamp":"2022-02-08T08:02:28.047Z"}
{"level":"info","message":"Connected to MongoDB...","timestamp":"2022-02-08T08:28:39.518Z"}
{"level":"info","message":"Connected to MongoDB...","timestamp":"2022-02-08T08:31:12.126Z"}
{"level":"info","message":"Connected to MongoDB...","timestamp":"2022-02-08T08:35:33.422Z"}
{"level":"info","message":"Listening on port 3000...","timestamp":"2022-02-08T08:39:35.349Z"}
{"level":"info","message":"Connected to MongoDB...","timestamp":"2022-02-08T08:39:35.377Z"}
{"level":"info","message":"Listening on port 3000...","timestamp":"2022-02-08T08:40:02.690Z"}
{"level":"info","message":"Connected to MongoDB...","timestamp":"2022-02-08T08:40:02.717Z"}
{"level":"info","message":"Listening on port 3000...","timestamp":"2022-02-10T06:43:36.711Z"}
{"level":"info","message":"Connected to MongoDB...","timestamp":"2022-02-10T06:43:36.765Z"}
{"level":"info","message":"Listening on port 3000...","timestamp":"2022-02-10T06:51:40.386Z"}
{"level":"info","message":"Connected to MongoDB...","timestamp":"2022-02-10T06:51:40.428Z"}
{"level":"info","message":"Listening on port 3000...","timestamp":"2022-02-10T07:03:46.040Z"}
{"level":"info","message":"Connected to MongoDB...","timestamp":"2022-02-10T07:03:46.091Z"}
{"level":"info","message":"Listening on port 3000...","timestamp":"2022-02-10T12:23:14.558Z"}
{"level":"info","message":"Connected to MongoDB...","timestamp":"2022-02-10T12:23:14.600Z"}
{"level":"info","message":"Listening on port 3000...","timestamp":"2022-02-13T12:28:37.211Z"}
{"level":"info","message":"Connected to MongoDB...","timestamp":"2022-02-13T12:28:37.236Z"}
{"level":"info","message":"Listening on port 3000...","timestamp":"2022-02-13T12:48:22.125Z"}
{"level":"info","message":"Connected to MongoDB...","timestamp":"2022-02-13T12:48:22.148Z"}
{"level":"info","message":"Listening on port 3000...","timestamp":"2022-02-13T17:52:34.588Z"}
{"level":"info","message":"Connected to MongoDB...","timestamp":"2022-02-13T17:52:34.610Z"}
{"level":"info","message":"Listening on port 3000...","timestamp":"2022-03-13T08:18:35.408Z"}
{"level":"info","message":"Connected to MongoDB...","timestamp":"2022-03-13T08:18:35.456Z"}
{"level":"info","message":"Listening on port 3000...","timestamp":"2022-03-13T08:41:02.891Z"}
{"level":"info","message":"Connected to MongoDB...","timestamp":"2022-03-13T08:41:02.930Z"}
{"level":"info","message":"Listening on port 3000...","timestamp":"2022-03-13T09:58:28.629Z"}
{"level":"info","message":"Connected to MongoDB...","timestamp":"2022-03-13T09:58:28.694Z"}
{"level":"info","message":"Listening on port 3000...","timestamp":"2022-03-13T10:01:19.622Z"}
{"level":"info","message":"Connected to mongodb://localhost/vidly...","timestamp":"2022-03-13T10:01:19.687Z"}
{"level":"info","message":"Listening on port 3000...","timestamp":"2022-03-13T13:29:53.065Z"}
{"level":"info","message":"Connected to mongodb://localhost/vidly...","timestamp":"2022-03-13T13:29:53.130Z"}
{"level":"info","message":"Listening on port 3000...","timestamp":"2022-03-13T13:38:36.591Z"}
{"level":"info","message":"Connected to mongodb://localhost/vidly...","timestamp":"2022-03-13T13:38:36.655Z"}
